<?xml version="1.0" encoding="UTF-8"?>
<!-- Generated by org.testng.reporters.JUnitXMLReporter -->
<testsuite hostname="antonk" name="Default test" tests="4" failures="0" timestamp="19 Jun 2015 15:33:01 GMT" time="18.283" errors="0">
  <testcase name="testNonEmptyGroupCreation" time="2.33" classname="com.example.tests.NonEptyGroupCreationTest"/>
  <testcase name="testEmptyGroupCreation" time="1.681" classname="com.example.tests.EmtyGroupCreationTest"/>
  <testcase name="nonEmptyContactAdd" time="4.211" classname="com.example.tests.EmptyContactAdd"/>
  <testcase name="nonEmptyContactAdd" time="4.17" classname="com.example.tests.NonEmptyContactAdd"/>
</testsuite> <!-- Default test -->
